<?xml version="1.0" encoding="UTF-8"?>
<testsuite name="MainKtTest" tests="1" skipped="0" failures="0" errors="0" timestamp="2022-05-29T14:14:56" hostname="DESKTOP-AEREARC" time="0.034">
  <properties/>
  <testcase name="should_ReturnException_when_InputListIsEmpty()" classname="MainKtTest" time="0.034"/>
  <system-out><![CDATA[]]></system-out>
  <system-err><![CDATA[]]></system-err>
</testsuite>
