<?xml version="1.0" encoding="UTF-8"?>
<testsuite name="MainKtTest" tests="5" skipped="0" failures="0" errors="0" timestamp="2022-05-22T13:16:17" hostname="DESKTOP-AEREARC" time="0.081">
  <properties/>
  <testcase name="should_ReturnException_when_InputListIsEmpty()" classname="MainKtTest" time="0.043"/>
  <testcase name="should_ReturnZeroPercentageOfARepetitions_when_InputListWithoutA()" classname="MainKtTest" time="0.024"/>
  <testcase name="should_ReturnPercentageOfARepetitions_when_InputListA()" classname="MainKtTest" time="0.004"/>
  <testcase name="should_ReturnMinusOne_when_InputHaveABAndOtherCharacter()" classname="MainKtTest" time="0.001"/>
  <testcase name="should_ReturnPercentageOfARepetitions_when_InputHaveAB()" classname="MainKtTest" time="0.001"/>
  <system-out><![CDATA[]]></system-out>
  <system-err><![CDATA[]]></system-err>
</testsuite>
